<?xml version="1.0" encoding="UTF-8"?>
<!-- Generated by org.testng.reporters.JUnitXMLReporter -->
<testsuite ignored="0" hostname="DESKTOP-IOIEIIB" failures="0" tests="5" name="Default test" time="19.751" errors="0" timestamp="2023-08-03T11:17:42 CDT">
  <testcase classname="test.PetStoreTest" name="verifyBrowsingBirds" time="7.35"/>
  <testcase classname="test.PetStoreTest" name="verifyBrowsingCats" time="0.812"/>
  <testcase classname="test.PetStoreTest" name="verifyBrowsingDogs" time="0.823"/>
  <testcase classname="test.PetStoreTest" name="verifyBrowsingFish" time="0.883"/>
  <testcase classname="test.PetStoreTest" name="verifyBrowsingReptiles" time="6.639"/>
</testsuite> <!-- Default test -->
