<?xml version="1.0" encoding="UTF-8"?>
<!-- Generated by org.testng.reporters.JUnitXMLReporter -->
<testsuite ignored="0" hostname="DESKTOP-IOIEIIB" failures="0" tests="10" name="Default test" time="39.378" errors="0" timestamp="2023-08-17T07:59:04 CDT">
  <testcase classname="test.PetStoreTest" name="verifyBrowsingCats" time="1.504"/>
  <testcase classname="test.PetStoreTest" name="verifyBrowsingFish" time="0.772"/>
  <testcase classname="test.PetStoreTest" name="verifyBrowsingReptiles" time="6.75"/>
  <testcase classname="test.PetStoreTest" name="verifyItemQuantityUpdate" time="6.838"/>
  <testcase classname="test.PetStoreTest" name="verifySearch" time="0.544"/>
  <testcase classname="test.PetStoreTest" name="verifySignup" time="1.829"/>
  <testcase classname="test.PetStoreTest" name="verifyAddAndRemove" time="1.892"/>
  <testcase classname="test.PetStoreTest" name="verifyBrowsingBirds" time="6.449"/>
  <testcase classname="test.PetStoreTest" name="verifyBrowsingDogs" time="0.652"/>
  <testcase classname="test.PetStoreTest" name="verifyOrder" time="7.741"/>
</testsuite> <!-- Default test -->
