<?xml version="1.0" encoding="UTF-8"?>
<!-- Generated by org.testng.reporters.JUnitXMLReporter -->
<testsuite ignored="0" hostname="DESKTOP-IOIEIIB" failures="1" tests="1" name="Test" time="12.476" errors="0" timestamp="2023-08-15T17:55:10 CDT">
  <testcase classname="test.PetStoreTest" name="verifyOrder" time="8.069">
    <failure type="java.lang.AssertionError" message="expected [true] but found [false]">
      <![CDATA[java.lang.AssertionError: expected [true] but found [false]
at test.PetStoreTest.verifyOrder(PetStoreTest.java:276)
at java.base/java.util.ArrayList.forEach(ArrayList.java:1511)
... Removed 29 stack frames]]>
    </failure>
  </testcase> <!-- verifyOrder -->
</testsuite> <!-- Test -->
