<?xml version="1.0" encoding="UTF-8"?>
<!-- Generated by org.testng.reporters.JUnitXMLReporter -->
<testsuite ignored="0" hostname="DESKTOP-IOIEIIB" failures="0" tests="10" name="Test" time="39.398" errors="0" timestamp="2023-08-17T08:23:34 CDT">
  <testcase classname="test.PetStoreTest" name="verifyBrowsingCats" time="1.536"/>
  <testcase classname="test.PetStoreTest" name="verifyBrowsingFish" time="0.848"/>
  <testcase classname="test.PetStoreTest" name="verifyBrowsingReptiles" time="6.671"/>
  <testcase classname="test.PetStoreTest" name="verifyItemQuantityUpdate" time="6.904"/>
  <testcase classname="test.PetStoreTest" name="verifySearch" time="0.508"/>
  <testcase classname="test.PetStoreTest" name="verifySignup" time="1.883"/>
  <testcase classname="test.PetStoreTest" name="verifyAddAndRemove" time="2.009"/>
  <testcase classname="test.PetStoreTest" name="verifyBrowsingBirds" time="6.5"/>
  <testcase classname="test.PetStoreTest" name="verifyBrowsingDogs" time="0.756"/>
  <testcase classname="test.PetStoreTest" name="verifyOrder" time="7.768"/>
</testsuite> <!-- Test -->
