<?xml version="1.0" encoding="UTF-8"?>
<testng-results ignored="0" total="10" passed="10" failed="0" skipped="0">
  <reporter-output>
  </reporter-output>
  <suite started-at="2023-08-17T08:22:54 CDT" name="Suite" finished-at="2023-08-17T08:23:34 CDT" duration-ms="39398">
    <groups>
    </groups>
    <test started-at="2023-08-17T08:22:54 CDT" name="Test" finished-at="2023-08-17T08:23:34 CDT" duration-ms="39398">
      <class name="test.PetStoreTest">
        <test-method is-config="true" signature="browserSetup()[pri:0, instance:test.PetStoreTest@757277dc]" started-at="2023-08-17T08:22:54 CDT" name="browserSetup" finished-at="2023-08-17T08:22:57 CDT" duration-ms="2415" status="PASS">
          <reporter-output>
          </reporter-output>
        </test-method> <!-- browserSetup -->
        <test-method is-config="true" signature="generateUsername()[pri:0, instance:test.PetStoreTest@757277dc]" started-at="2023-08-17T08:22:57 CDT" name="generateUsername" finished-at="2023-08-17T08:22:57 CDT" duration-ms="3" status="PASS">
          <reporter-output>
          </reporter-output>
        </test-method> <!-- generateUsername -->
        <test-method signature="verifyBrowsingCats()[pri:0, instance:test.PetStoreTest@757277dc]" started-at="2023-08-17T08:22:57 CDT" name="verifyBrowsingCats" finished-at="2023-08-17T08:22:58 CDT" duration-ms="1536" status="PASS">
          <reporter-output>
          </reporter-output>
        </test-method> <!-- verifyBrowsingCats -->
        <test-method signature="verifyBrowsingFish()[pri:0, instance:test.PetStoreTest@757277dc]" started-at="2023-08-17T08:22:58 CDT" name="verifyBrowsingFish" finished-at="2023-08-17T08:22:59 CDT" duration-ms="848" status="PASS">
          <reporter-output>
          </reporter-output>
        </test-method> <!-- verifyBrowsingFish -->
        <test-method signature="verifyBrowsingReptiles()[pri:0, instance:test.PetStoreTest@757277dc]" started-at="2023-08-17T08:22:59 CDT" name="verifyBrowsingReptiles" finished-at="2023-08-17T08:23:06 CDT" duration-ms="6671" status="PASS">
          <reporter-output>
          </reporter-output>
        </test-method> <!-- verifyBrowsingReptiles -->
        <test-method signature="verifyItemQuantityUpdate()[pri:0, instance:test.PetStoreTest@757277dc]" started-at="2023-08-17T08:23:06 CDT" name="verifyItemQuantityUpdate" finished-at="2023-08-17T08:23:13 CDT" duration-ms="6904" status="PASS">
          <reporter-output>
          </reporter-output>
        </test-method> <!-- verifyItemQuantityUpdate -->
        <test-method signature="verifySearch()[pri:0, instance:test.PetStoreTest@757277dc]" started-at="2023-08-17T08:23:13 CDT" name="verifySearch" finished-at="2023-08-17T08:23:13 CDT" duration-ms="508" status="PASS">
          <reporter-output>
          </reporter-output>
        </test-method> <!-- verifySearch -->
        <test-method signature="verifySignup()[pri:0, instance:test.PetStoreTest@757277dc]" started-at="2023-08-17T08:23:13 CDT" name="verifySignup" finished-at="2023-08-17T08:23:15 CDT" duration-ms="1883" status="PASS">
          <reporter-output>
          </reporter-output>
        </test-method> <!-- verifySignup -->
        <test-method signature="verifyAddAndRemove()[pri:0, instance:test.PetStoreTest@757277dc]" started-at="2023-08-17T08:23:15 CDT" name="verifyAddAndRemove" finished-at="2023-08-17T08:23:17 CDT" duration-ms="2009" status="PASS">
          <reporter-output>
          </reporter-output>
        </test-method> <!-- verifyAddAndRemove -->
        <test-method signature="verifyBrowsingBirds()[pri:0, instance:test.PetStoreTest@757277dc]" started-at="2023-08-17T08:23:17 CDT" name="verifyBrowsingBirds" finished-at="2023-08-17T08:23:24 CDT" duration-ms="6500" status="PASS">
          <reporter-output>
          </reporter-output>
        </test-method> <!-- verifyBrowsingBirds -->
        <test-method signature="verifyBrowsingDogs()[pri:0, instance:test.PetStoreTest@757277dc]" started-at="2023-08-17T08:23:24 CDT" name="verifyBrowsingDogs" finished-at="2023-08-17T08:23:24 CDT" duration-ms="756" status="PASS">
          <reporter-output>
          </reporter-output>
        </test-method> <!-- verifyBrowsingDogs -->
        <test-method signature="verifyOrder()[pri:0, instance:test.PetStoreTest@757277dc]" started-at="2023-08-17T08:23:24 CDT" name="verifyOrder" finished-at="2023-08-17T08:23:32 CDT" depends-on-methods="test.PetStoreTest.verifySignup" duration-ms="7768" status="PASS">
          <reporter-output>
          </reporter-output>
        </test-method> <!-- verifyOrder -->
        <test-method is-config="true" signature="cleanup()[pri:0, instance:test.PetStoreTest@757277dc]" started-at="2023-08-17T08:23:32 CDT" name="cleanup" finished-at="2023-08-17T08:23:34 CDT" duration-ms="1547" status="PASS">
          <reporter-output>
          </reporter-output>
        </test-method> <!-- cleanup -->
      </class> <!-- test.PetStoreTest -->
    </test> <!-- Test -->
  </suite> <!-- Suite -->
</testng-results>
