<?xml version="1.0" encoding="UTF-8"?>
<testng-results ignored="0" total="1" passed="1" failed="0" skipped="0">
  <reporter-output>
  </reporter-output>
  <suite started-at="2023-08-03T15:19:18 CDT" name="Default suite" finished-at="2023-08-03T15:19:23 CDT" duration-ms="5159">
    <groups>
    </groups>
    <test started-at="2023-08-03T15:19:18 CDT" name="Default test" finished-at="2023-08-03T15:19:23 CDT" duration-ms="5159">
      <class name="test.PetStoreTest">
        <test-method is-config="true" signature="browserSetup()[pri:0, instance:test.PetStoreTest@192c3f1e]" started-at="2023-08-03T15:19:18 CDT" name="browserSetup" finished-at="2023-08-03T15:19:21 CDT" duration-ms="2888" status="PASS">
          <reporter-output>
          </reporter-output>
        </test-method> <!-- browserSetup -->
        <test-method signature="verifySearch()[pri:0, instance:test.PetStoreTest@192c3f1e]" started-at="2023-08-03T15:19:21 CDT" name="verifySearch" finished-at="2023-08-03T15:19:22 CDT" duration-ms="1468" status="PASS">
          <reporter-output>
          </reporter-output>
        </test-method> <!-- verifySearch -->
        <test-method is-config="true" signature="cleanup()[pri:0, instance:test.PetStoreTest@192c3f1e]" started-at="2023-08-03T15:19:22 CDT" name="cleanup" finished-at="2023-08-03T15:19:23 CDT" duration-ms="775" status="PASS">
          <reporter-output>
          </reporter-output>
        </test-method> <!-- cleanup -->
      </class> <!-- test.PetStoreTest -->
    </test> <!-- Default test -->
  </suite> <!-- Default suite -->
</testng-results>
